<?xml version="1.0" encoding="UTF-8"?>
<!-- Generated by org.testng.reporters.JUnitXMLReporter -->
<testsuite ignored="0" hostname="DESKTOP-UVBSQTK" failures="0" tests="13" name="Test" time="79.513" errors="0" timestamp="2024-10-14T16:09:13 IST">
  <testcase classname="capstone.Login_Page" name="Login" time="3.748"/>
  <testcase classname="capstone.button_Clicks" name="button1" time="2.349"/>
  <testcase classname="capstone.button_Clicks" name="button2" time="2.47"/>
  <testcase classname="capstone.button_Clicks" name="button3" time="2.539"/>
  <testcase classname="capstone.DropDown_Checkbox_RadioButton" name="SelectDropDown" time="0.623"/>
  <testcase classname="capstone.DropDown_Checkbox_RadioButton" name="checkbox" time="3.657"/>
  <testcase classname="capstone.DropDown_Checkbox_RadioButton" name="Radio_Button" time="5.375"/>
  <testcase classname="capstone.DropDown_Checkbox_RadioButton" name="Enable_disable" time="0.267"/>
  <testcase classname="capstone.ActionClass" name="Drag_Drop" time="0.494"/>
  <testcase classname="capstone.ActionClass" name="DoubleClk_Action" time="3.183"/>
  <testcase classname="capstone.ActionClass" name="Hoven_Over_Me" time="3.461"/>
  <testcase classname="capstone.ActionClass" name="click_hold" time="0.161"/>
  <testcase classname="capstone.Scrolling" name="scroll" time="3.579"/>
</testsuite> <!-- Test -->
