<?xml version="1.0" encoding="UTF-8"?>
<testng-results ignored="0" total="1" passed="1" failed="0" skipped="0">
  <reporter-output>
  </reporter-output>
  <suite started-at="2024-10-25T16:15:47 IST" name="Default suite" finished-at="2024-10-25T16:15:54 IST" duration-ms="7319">
    <groups>
    </groups>
    <test started-at="2024-10-25T16:15:47 IST" name="Default test" finished-at="2024-10-25T16:15:54 IST" duration-ms="7319">
      <class name="capstone.HiddenElements">
        <test-method is-config="true" signature="setup()[pri:0, instance:capstone.HiddenElements@3eeb318f]" started-at="2024-10-25T16:15:47 IST" name="setup" finished-at="2024-10-25T16:15:54 IST" duration-ms="7149" status="PASS">
          <reporter-output>
          </reporter-output>
        </test-method> <!-- setup -->
        <test-method signature="button1()[pri:0, instance:capstone.HiddenElements@3eeb318f]" started-at="2024-10-25T16:15:54 IST" name="button1" finished-at="2024-10-25T16:15:54 IST" duration-ms="84" status="PASS">
          <reporter-output>
          </reporter-output>
        </test-method> <!-- button1 -->
      </class> <!-- capstone.HiddenElements -->
    </test> <!-- Default test -->
  </suite> <!-- Default suite -->
</testng-results>
