<?xml version="1.0" encoding="UTF-8"?>
<!-- Generated by org.testng.reporters.JUnitReportReporter -->
<testsuite hostname="DESKTOP-UVBSQTK" failures="0" tests="4" name="Drop_Downs" time="21.266" errors="0" timestamp="2024-10-06T22:49:39 IST" skipped="0">
  <testcase classname="Drop_Downs" name="RadioButton" time="0.271"/>
  <testcase classname="Drop_Downs" name="SelectDropDown" time="0.495"/>
  <testcase classname="Drop_Downs" name="checkbox" time="4.435"/>
  <testcase classname="Drop_Downs" name="Radio_Button" time="16.065"/>
</testsuite> <!-- Drop_Downs -->
