<?xml version="1.0" encoding="UTF-8"?>
<!-- Generated by org.testng.reporters.JUnitReportReporter -->
<testsuite hostname="DESKTOP-UVBSQTK" failures="0" tests="4" name="DragNDrop" time="7.602" errors="0" timestamp="2024-10-06T23:29:50 IST" skipped="0">
  <testcase classname="DragNDrop" name="Drag_Drop" time="0.433"/>
  <testcase classname="DragNDrop" name="DoubleClk_Action" time="3.312"/>
  <testcase classname="DragNDrop" name="Hoven_Over_Me" time="3.626"/>
  <testcase classname="DragNDrop" name="click_hold" time="0.231"/>
</testsuite> <!-- DragNDrop -->
