<?xml version="1.0" encoding="UTF-8"?>
<!-- Generated by org.testng.reporters.JUnitReportReporter -->
<testsuite hostname="DESKTOP-UVBSQTK" failures="0" tests="3" name="capstone.button_Clicks" time="7.358" errors="0" timestamp="2024-10-14T16:09:14 IST" skipped="0">
  <testcase classname="capstone.button_Clicks" name="button1" time="2.349"/>
  <testcase classname="capstone.button_Clicks" name="button2" time="2.470"/>
  <testcase classname="capstone.button_Clicks" name="button3" time="2.539"/>
</testsuite> <!-- capstone.button_Clicks -->
