<?xml version="1.0" encoding="UTF-8"?>
<!-- Generated by org.testng.reporters.JUnitReportReporter -->
<testsuite hostname="DESKTOP-UVBSQTK" failures="0" tests="4" name="capstone.DropDown_Checkbox_RadioButton" time="9.922" errors="0" timestamp="2024-10-14T16:09:14 IST" skipped="0">
  <testcase classname="capstone.DropDown_Checkbox_RadioButton" name="SelectDropDown" time="0.623"/>
  <testcase classname="capstone.DropDown_Checkbox_RadioButton" name="checkbox" time="3.657"/>
  <testcase classname="capstone.DropDown_Checkbox_RadioButton" name="Radio_Button" time="5.375"/>
  <testcase classname="capstone.DropDown_Checkbox_RadioButton" name="Enable_disable" time="0.267"/>
</testsuite> <!-- capstone.DropDown_Checkbox_RadioButton -->
