<?xml version="1.0" encoding="UTF-8"?>
<!-- Generated by org.testng.reporters.JUnitReportReporter -->
<testsuite hostname="DESKTOP-UVBSQTK" failures="0" tests="4" name="capstone.ActionClass" time="7.299" errors="0" timestamp="2024-10-14T16:09:14 IST" skipped="0">
  <testcase classname="capstone.ActionClass" name="Drag_Drop" time="0.494"/>
  <testcase classname="capstone.ActionClass" name="DoubleClk_Action" time="3.183"/>
  <testcase classname="capstone.ActionClass" name="Hoven_Over_Me" time="3.461"/>
  <testcase classname="capstone.ActionClass" name="click_hold" time="0.161"/>
</testsuite> <!-- capstone.ActionClass -->
